09:23 com.beyond.board.BoardApplication-Starting BoardApplication using Java 11.0.23 on keemzleunui-MacBookPro.local with PID 46238 (/Users/keemzleun/study/board/build/classes/java/main started by keemzleun in /Users/keemzleun/study/board)
09:23 com.beyond.board.BoardApplication-The following 1 profile is active: "dev"
09:23 o.s.d.r.c.RepositoryConfigurationDelegate-Bootstrapping Spring Data JPA repositories in DEFAULT mode.
09:23 o.s.d.r.c.RepositoryConfigurationDelegate-Finished Spring Data repository scanning in 15 ms. Found 2 JPA repository interfaces.
09:23 o.s.b.w.e.tomcat.TomcatWebServer-Tomcat initialized with port(s): 8080 (http)
09:23 o.a.coyote.http11.Http11NioProtocol-Initializing ProtocolHandler ["http-nio-8080"]
09:23 o.a.catalina.core.StandardService-Starting service [Tomcat]
09:23 o.a.catalina.core.StandardEngine-Starting Servlet engine: [Apache Tomcat/9.0.74]
09:23 o.a.c.c.C.[Tomcat].[localhost].[/]-Initializing Spring embedded WebApplicationContext
09:23 o.s.b.w.s.c.ServletWebServerApplicationContext-Root WebApplicationContext: initialization completed in 617 ms
09:23 com.zaxxer.hikari.HikariDataSource-HikariPool-1 - Starting...
09:23 com.zaxxer.hikari.HikariDataSource-HikariPool-1 - Start completed.
09:23 o.h.jpa.internal.util.LogHelper-HHH000204: Processing PersistenceUnitInfo [name: default]
09:23 org.hibernate.Version-HHH000412: Hibernate ORM core version 5.6.15.Final
09:23 o.h.annotations.common.Version-HCANN000001: Hibernate Commons Annotations {5.1.2.Final}
09:23 org.hibernate.dialect.Dialect-HHH000400: Using dialect: org.hibernate.dialect.MariaDBDialect
09:23 o.h.e.t.j.p.i.JtaPlatformInitiator-HHH000490: Using JtaPlatform implementation: [org.hibernate.engine.transaction.jta.platform.internal.NoJtaPlatform]
09:23 o.s.o.j.LocalContainerEntityManagerFactoryBean-Initialized JPA EntityManagerFactory for persistence unit 'default'
09:23 o.s.b.a.s.s.UserDetailsServiceAutoConfiguration-

Using generated security password: 8cd61fad-2dac-427b-82cf-1f991d73d5fe

This generated password is for development use only. Your security configuration must be updated before running your application in production.

09:23 o.s.s.web.DefaultSecurityFilterChain-Will secure any request with [org.springframework.security.web.session.DisableEncodeUrlFilter@7091a016, org.springframework.security.web.context.request.async.WebAsyncManagerIntegrationFilter@14580edc, org.springframework.security.web.context.SecurityContextPersistenceFilter@1221d607, org.springframework.security.web.header.HeaderWriterFilter@775a5a67, org.springframework.security.web.authentication.logout.LogoutFilter@19542115, org.springframework.security.web.authentication.UsernamePasswordAuthenticationFilter@37a14aa1, org.springframework.security.web.savedrequest.RequestCacheAwareFilter@2c9aeec6, org.springframework.security.web.servletapi.SecurityContextHolderAwareRequestFilter@50aa9a91, org.springframework.security.web.authentication.AnonymousAuthenticationFilter@3f2a7ca0, org.springframework.security.web.session.SessionManagementFilter@51eafec0, org.springframework.security.web.access.ExceptionTranslationFilter@68a97fc1, org.springframework.security.web.access.intercept.FilterSecurityInterceptor@6efc9d3f]
09:23 o.s.b.a.o.j.JpaBaseConfiguration$JpaWebConfiguration-spring.jpa.open-in-view is enabled by default. Therefore, database queries may be performed during view rendering. Explicitly configure spring.jpa.open-in-view to disable this warning
09:23 o.s.b.a.batch.JpaBatchConfigurer-JPA does not support custom isolation levels, so locks may not be taken when launching Jobs. To silence this warning, set 'spring.batch.jdbc.isolation-level-for-create' to 'default'.
09:23 o.s.b.c.r.s.JobRepositoryFactoryBean-No database type set, using meta data indicating: MYSQL
09:23 o.s.b.c.l.support.SimpleJobLauncher-No TaskExecutor has been set, defaulting to synchronous executor.
09:23 o.a.coyote.http11.Http11NioProtocol-Starting ProtocolHandler ["http-nio-8080"]
09:23 o.s.b.w.e.tomcat.TomcatWebServer-Tomcat started on port(s): 8080 (http) with context path ''
09:23 com.beyond.board.BoardApplication-Started BoardApplication in 1.892 seconds (JVM running for 2.123)
09:23 o.s.b.a.b.JobLauncherApplicationRunner-Running default command line with: []
09:23 o.a.c.c.C.[Tomcat].[localhost].[/]-Initializing Spring DispatcherServlet 'dispatcherServlet'
09:23 o.s.web.servlet.DispatcherServlet-Initializing Servlet 'dispatcherServlet'
09:23 o.s.web.servlet.DispatcherServlet-Completed initialization in 1 ms
09:23 c.beyond.board.common.AopLogService-aop start
09:23 c.beyond.board.common.AopLogService-Method명 :home
09:23 c.beyond.board.common.AopLogService-HTTP 메서드GET
09:23 c.beyond.board.common.AopLogService-aop end
09:23 c.beyond.board.common.AopLogService-aop start
09:23 c.beyond.board.common.AopLogService-Method명 :error
09:23 c.beyond.board.common.AopLogService-HTTP 메서드GET
09:23 c.beyond.board.common.AopLogService-aop end
09:24 c.beyond.board.common.AopLogService-aop start
09:24 c.beyond.board.common.AopLogService-Method명 :errorHtml
09:24 c.beyond.board.common.AopLogService-HTTP 메서드GET
09:24 c.beyond.board.common.AopLogService-aop end
09:24 c.beyond.board.common.AopLogService-aop start
09:24 c.beyond.board.common.AopLogService-Method명 :home
09:24 c.beyond.board.common.AopLogService-HTTP 메서드GET
09:24 c.beyond.board.common.AopLogService-aop end
09:24 c.beyond.board.common.AopLogService-aop start
09:24 c.beyond.board.common.AopLogService-Method명 :errorHtml
09:24 c.beyond.board.common.AopLogService-HTTP 메서드GET
09:24 c.beyond.board.common.AopLogService-aop end
09:24 c.beyond.board.common.AopLogService-aop start
09:24 c.beyond.board.common.AopLogService-Method명 :home
09:24 c.beyond.board.common.AopLogService-HTTP 메서드GET
09:24 c.beyond.board.common.AopLogService-aop end
09:25 o.s.o.j.LocalContainerEntityManagerFactoryBean-Closing JPA EntityManagerFactory for persistence unit 'default'
09:25 com.zaxxer.hikari.HikariDataSource-HikariPool-1 - Shutdown initiated...
09:25 com.zaxxer.hikari.HikariDataSource-HikariPool-1 - Shutdown completed.
09:25 com.beyond.board.BoardApplication-Starting BoardApplication using Java 11.0.23 on keemzleunui-MacBookPro.local with PID 47361 (/Users/keemzleun/study/board/build/classes/java/main started by keemzleun in /Users/keemzleun/study/board)
09:25 com.beyond.board.BoardApplication-The following 1 profile is active: "dev"
09:25 o.s.d.r.c.RepositoryConfigurationDelegate-Bootstrapping Spring Data JPA repositories in DEFAULT mode.
09:25 o.s.d.r.c.RepositoryConfigurationDelegate-Finished Spring Data repository scanning in 14 ms. Found 2 JPA repository interfaces.
09:25 o.s.b.w.e.tomcat.TomcatWebServer-Tomcat initialized with port(s): 8080 (http)
09:25 o.a.coyote.http11.Http11NioProtocol-Initializing ProtocolHandler ["http-nio-8080"]
09:25 o.a.catalina.core.StandardService-Starting service [Tomcat]
09:25 o.a.catalina.core.StandardEngine-Starting Servlet engine: [Apache Tomcat/9.0.74]
09:25 o.a.c.c.C.[Tomcat].[localhost].[/]-Initializing Spring embedded WebApplicationContext
09:25 o.s.b.w.s.c.ServletWebServerApplicationContext-Root WebApplicationContext: initialization completed in 556 ms
09:25 com.zaxxer.hikari.HikariDataSource-HikariPool-1 - Starting...
09:25 com.zaxxer.hikari.HikariDataSource-HikariPool-1 - Start completed.
09:25 o.h.jpa.internal.util.LogHelper-HHH000204: Processing PersistenceUnitInfo [name: default]
09:25 org.hibernate.Version-HHH000412: Hibernate ORM core version 5.6.15.Final
09:25 o.h.annotations.common.Version-HCANN000001: Hibernate Commons Annotations {5.1.2.Final}
09:25 org.hibernate.dialect.Dialect-HHH000400: Using dialect: org.hibernate.dialect.MariaDBDialect
09:25 o.h.e.t.j.p.i.JtaPlatformInitiator-HHH000490: Using JtaPlatform implementation: [org.hibernate.engine.transaction.jta.platform.internal.NoJtaPlatform]
09:25 o.s.o.j.LocalContainerEntityManagerFactoryBean-Initialized JPA EntityManagerFactory for persistence unit 'default'
09:25 o.s.b.a.s.s.UserDetailsServiceAutoConfiguration-

Using generated security password: 372f2cca-9a84-4ed9-b8fe-8d5553b29d6c

This generated password is for development use only. Your security configuration must be updated before running your application in production.

09:25 o.s.s.web.DefaultSecurityFilterChain-Will secure any request with [org.springframework.security.web.session.DisableEncodeUrlFilter@6cfac0bd, org.springframework.security.web.context.request.async.WebAsyncManagerIntegrationFilter@549debdb, org.springframework.security.web.context.SecurityContextPersistenceFilter@477e5b69, org.springframework.security.web.header.HeaderWriterFilter@6920fa35, org.springframework.security.web.authentication.logout.LogoutFilter@78805df3, org.springframework.security.web.authentication.UsernamePasswordAuthenticationFilter@7b38db21, org.springframework.security.web.savedrequest.RequestCacheAwareFilter@26c1f3eb, org.springframework.security.web.servletapi.SecurityContextHolderAwareRequestFilter@68fa8ea5, org.springframework.security.web.authentication.AnonymousAuthenticationFilter@1edf52e6, org.springframework.security.web.session.SessionManagementFilter@6dd1f239, org.springframework.security.web.access.ExceptionTranslationFilter@52a2e2fb, org.springframework.security.web.access.intercept.FilterSecurityInterceptor@469bd719]
09:25 o.s.b.a.o.j.JpaBaseConfiguration$JpaWebConfiguration-spring.jpa.open-in-view is enabled by default. Therefore, database queries may be performed during view rendering. Explicitly configure spring.jpa.open-in-view to disable this warning
09:25 o.s.b.a.batch.JpaBatchConfigurer-JPA does not support custom isolation levels, so locks may not be taken when launching Jobs. To silence this warning, set 'spring.batch.jdbc.isolation-level-for-create' to 'default'.
09:25 o.s.b.c.r.s.JobRepositoryFactoryBean-No database type set, using meta data indicating: MYSQL
09:25 o.s.b.c.l.support.SimpleJobLauncher-No TaskExecutor has been set, defaulting to synchronous executor.
09:25 o.a.coyote.http11.Http11NioProtocol-Starting ProtocolHandler ["http-nio-8080"]
09:25 o.s.b.w.e.tomcat.TomcatWebServer-Tomcat started on port(s): 8080 (http) with context path ''
09:25 com.beyond.board.BoardApplication-Started BoardApplication in 1.817 seconds (JVM running for 2.045)
09:25 o.s.b.a.b.JobLauncherApplicationRunner-Running default command line with: []
09:25 o.a.c.c.C.[Tomcat].[localhost].[/]-Initializing Spring DispatcherServlet 'dispatcherServlet'
09:25 o.s.web.servlet.DispatcherServlet-Initializing Servlet 'dispatcherServlet'
09:25 o.s.web.servlet.DispatcherServlet-Completed initialization in 1 ms
09:25 c.beyond.board.common.AopLogService-aop start
09:25 c.beyond.board.common.AopLogService-Method명 :home
09:25 c.beyond.board.common.AopLogService-HTTP 메서드GET
09:25 c.beyond.board.common.AopLogService-aop end
09:25 c.beyond.board.common.AopLogService-aop start
09:25 c.beyond.board.common.AopLogService-Method명 :createAuthor
09:25 c.beyond.board.common.AopLogService-HTTP 메서드GET
09:25 c.beyond.board.common.AopLogService-aop end
09:33 o.s.o.j.LocalContainerEntityManagerFactoryBean-Closing JPA EntityManagerFactory for persistence unit 'default'
09:33 com.zaxxer.hikari.HikariDataSource-HikariPool-1 - Shutdown initiated...
09:33 com.zaxxer.hikari.HikariDataSource-HikariPool-1 - Shutdown completed.
09:33 com.beyond.board.BoardApplication-Starting BoardApplication using Java 11.0.23 on keemzleunui-MacBookPro.local with PID 51168 (/Users/keemzleun/study/board/build/classes/java/main started by keemzleun in /Users/keemzleun/study/board)
09:33 com.beyond.board.BoardApplication-The following 1 profile is active: "dev"
09:33 o.s.d.r.c.RepositoryConfigurationDelegate-Bootstrapping Spring Data JPA repositories in DEFAULT mode.
09:33 o.s.d.r.c.RepositoryConfigurationDelegate-Finished Spring Data repository scanning in 15 ms. Found 2 JPA repository interfaces.
09:33 o.s.b.w.e.tomcat.TomcatWebServer-Tomcat initialized with port(s): 8080 (http)
09:33 o.a.coyote.http11.Http11NioProtocol-Initializing ProtocolHandler ["http-nio-8080"]
09:33 o.a.catalina.core.StandardService-Starting service [Tomcat]
09:33 o.a.catalina.core.StandardEngine-Starting Servlet engine: [Apache Tomcat/9.0.74]
09:33 o.a.c.c.C.[Tomcat].[localhost].[/]-Initializing Spring embedded WebApplicationContext
09:33 o.s.b.w.s.c.ServletWebServerApplicationContext-Root WebApplicationContext: initialization completed in 561 ms
09:33 com.zaxxer.hikari.HikariDataSource-HikariPool-1 - Starting...
09:33 com.zaxxer.hikari.HikariDataSource-HikariPool-1 - Start completed.
09:33 o.h.jpa.internal.util.LogHelper-HHH000204: Processing PersistenceUnitInfo [name: default]
09:33 org.hibernate.Version-HHH000412: Hibernate ORM core version 5.6.15.Final
09:33 o.h.annotations.common.Version-HCANN000001: Hibernate Commons Annotations {5.1.2.Final}
09:33 org.hibernate.dialect.Dialect-HHH000400: Using dialect: org.hibernate.dialect.MariaDBDialect
09:33 o.h.e.t.j.p.i.JtaPlatformInitiator-HHH000490: Using JtaPlatform implementation: [org.hibernate.engine.transaction.jta.platform.internal.NoJtaPlatform]
09:33 o.s.o.j.LocalContainerEntityManagerFactoryBean-Initialized JPA EntityManagerFactory for persistence unit 'default'
09:33 o.s.b.a.s.s.UserDetailsServiceAutoConfiguration-

Using generated security password: f2694145-4aa1-4a15-b093-993b816847f5

This generated password is for development use only. Your security configuration must be updated before running your application in production.

09:33 o.s.s.web.DefaultSecurityFilterChain-Will secure any request with [org.springframework.security.web.session.DisableEncodeUrlFilter@3113595e, org.springframework.security.web.context.request.async.WebAsyncManagerIntegrationFilter@109188b4, org.springframework.security.web.context.SecurityContextPersistenceFilter@5d957cf0, org.springframework.security.web.header.HeaderWriterFilter@6d57b264, org.springframework.security.web.authentication.logout.LogoutFilter@530e08a7, org.springframework.security.web.authentication.UsernamePasswordAuthenticationFilter@84e43fb, org.springframework.security.web.savedrequest.RequestCacheAwareFilter@7ef7faa9, org.springframework.security.web.servletapi.SecurityContextHolderAwareRequestFilter@400d1c30, org.springframework.security.web.authentication.AnonymousAuthenticationFilter@7091a016, org.springframework.security.web.session.SessionManagementFilter@23e3a27f, org.springframework.security.web.access.ExceptionTranslationFilter@69c51fdb, org.springframework.security.web.access.intercept.FilterSecurityInterceptor@374bf34b]
09:33 o.s.b.a.o.j.JpaBaseConfiguration$JpaWebConfiguration-spring.jpa.open-in-view is enabled by default. Therefore, database queries may be performed during view rendering. Explicitly configure spring.jpa.open-in-view to disable this warning
09:33 o.s.b.a.batch.JpaBatchConfigurer-JPA does not support custom isolation levels, so locks may not be taken when launching Jobs. To silence this warning, set 'spring.batch.jdbc.isolation-level-for-create' to 'default'.
09:33 o.s.b.c.r.s.JobRepositoryFactoryBean-No database type set, using meta data indicating: MYSQL
09:33 o.s.b.c.l.support.SimpleJobLauncher-No TaskExecutor has been set, defaulting to synchronous executor.
09:33 o.a.coyote.http11.Http11NioProtocol-Starting ProtocolHandler ["http-nio-8080"]
09:33 o.s.b.w.e.tomcat.TomcatWebServer-Tomcat started on port(s): 8080 (http) with context path ''
09:33 com.beyond.board.BoardApplication-Started BoardApplication in 1.872 seconds (JVM running for 2.099)
09:33 o.s.b.a.b.JobLauncherApplicationRunner-Running default command line with: []
09:33 o.a.c.c.C.[Tomcat].[localhost].[/]-Initializing Spring DispatcherServlet 'dispatcherServlet'
09:33 o.s.web.servlet.DispatcherServlet-Initializing Servlet 'dispatcherServlet'
09:33 o.s.web.servlet.DispatcherServlet-Completed initialization in 1 ms
09:33 c.beyond.board.common.AopLogService-aop start
09:33 c.beyond.board.common.AopLogService-Method명 :createAuthor
09:33 c.beyond.board.common.AopLogService-HTTP 메서드GET
09:33 c.beyond.board.common.AopLogService-aop end
09:33 c.beyond.board.common.AopLogService-aop start
09:33 c.beyond.board.common.AopLogService-Method명 :home
09:33 c.beyond.board.common.AopLogService-HTTP 메서드GET
09:33 c.beyond.board.common.AopLogService-aop end
09:33 c.beyond.board.common.AopLogService-aop start
09:33 c.beyond.board.common.AopLogService-Method명 :home
09:33 c.beyond.board.common.AopLogService-HTTP 메서드GET
09:33 c.beyond.board.common.AopLogService-aop end
09:33 c.beyond.board.common.AopLogService-aop start
09:33 c.beyond.board.common.AopLogService-Method명 :createAuthor
09:33 c.beyond.board.common.AopLogService-HTTP 메서드GET
09:33 c.beyond.board.common.AopLogService-aop end
09:33 c.beyond.board.common.AopLogService-aop start
09:33 c.beyond.board.common.AopLogService-Method명 :home
09:33 c.beyond.board.common.AopLogService-HTTP 메서드GET
09:33 c.beyond.board.common.AopLogService-aop end
09:35 o.s.o.j.LocalContainerEntityManagerFactoryBean-Closing JPA EntityManagerFactory for persistence unit 'default'
09:35 com.zaxxer.hikari.HikariDataSource-HikariPool-1 - Shutdown initiated...
09:35 com.zaxxer.hikari.HikariDataSource-HikariPool-1 - Shutdown completed.
09:35 com.beyond.board.BoardApplication-Starting BoardApplication using Java 11.0.23 on keemzleunui-MacBookPro.local with PID 52363 (/Users/keemzleun/study/board/build/classes/java/main started by keemzleun in /Users/keemzleun/study/board)
09:35 com.beyond.board.BoardApplication-The following 1 profile is active: "dev"
09:35 o.s.d.r.c.RepositoryConfigurationDelegate-Bootstrapping Spring Data JPA repositories in DEFAULT mode.
09:35 o.s.d.r.c.RepositoryConfigurationDelegate-Finished Spring Data repository scanning in 15 ms. Found 2 JPA repository interfaces.
09:35 o.s.b.w.e.tomcat.TomcatWebServer-Tomcat initialized with port(s): 8080 (http)
09:35 o.a.coyote.http11.Http11NioProtocol-Initializing ProtocolHandler ["http-nio-8080"]
09:35 o.a.catalina.core.StandardService-Starting service [Tomcat]
09:35 o.a.catalina.core.StandardEngine-Starting Servlet engine: [Apache Tomcat/9.0.74]
09:35 o.a.c.c.C.[Tomcat].[localhost].[/]-Initializing Spring embedded WebApplicationContext
09:35 o.s.b.w.s.c.ServletWebServerApplicationContext-Root WebApplicationContext: initialization completed in 596 ms
09:35 com.zaxxer.hikari.HikariDataSource-HikariPool-1 - Starting...
09:35 com.zaxxer.hikari.HikariDataSource-HikariPool-1 - Start completed.
09:35 o.h.jpa.internal.util.LogHelper-HHH000204: Processing PersistenceUnitInfo [name: default]
09:35 org.hibernate.Version-HHH000412: Hibernate ORM core version 5.6.15.Final
09:35 o.h.annotations.common.Version-HCANN000001: Hibernate Commons Annotations {5.1.2.Final}
09:35 org.hibernate.dialect.Dialect-HHH000400: Using dialect: org.hibernate.dialect.MariaDBDialect
09:35 o.h.e.t.j.p.i.JtaPlatformInitiator-HHH000490: Using JtaPlatform implementation: [org.hibernate.engine.transaction.jta.platform.internal.NoJtaPlatform]
09:35 o.s.o.j.LocalContainerEntityManagerFactoryBean-Initialized JPA EntityManagerFactory for persistence unit 'default'
09:35 o.s.b.a.s.s.UserDetailsServiceAutoConfiguration-

Using generated security password: 3211d252-ce72-4ef6-b704-eccd80a4117f

This generated password is for development use only. Your security configuration must be updated before running your application in production.

09:35 o.s.s.web.DefaultSecurityFilterChain-Will secure any request with [org.springframework.security.web.session.DisableEncodeUrlFilter@84e43fb, org.springframework.security.web.context.request.async.WebAsyncManagerIntegrationFilter@4fea9f19, org.springframework.security.web.context.SecurityContextPersistenceFilter@3b1895e, org.springframework.security.web.header.HeaderWriterFilter@71e89a26, org.springframework.security.web.authentication.logout.LogoutFilter@670aac24, org.springframework.security.web.authentication.UsernamePasswordAuthenticationFilter@7ed5cc8c, org.springframework.security.web.savedrequest.RequestCacheAwareFilter@8d52313, org.springframework.security.web.servletapi.SecurityContextHolderAwareRequestFilter@2d94279f, org.springframework.security.web.authentication.AnonymousAuthenticationFilter@37a14aa1, org.springframework.security.web.session.SessionManagementFilter@66e434e8, org.springframework.security.web.access.ExceptionTranslationFilter@71806c64, org.springframework.security.web.access.intercept.FilterSecurityInterceptor@36ce0bc2]
09:35 o.s.b.a.o.j.JpaBaseConfiguration$JpaWebConfiguration-spring.jpa.open-in-view is enabled by default. Therefore, database queries may be performed during view rendering. Explicitly configure spring.jpa.open-in-view to disable this warning
09:35 o.s.b.a.batch.JpaBatchConfigurer-JPA does not support custom isolation levels, so locks may not be taken when launching Jobs. To silence this warning, set 'spring.batch.jdbc.isolation-level-for-create' to 'default'.
09:35 o.s.b.c.r.s.JobRepositoryFactoryBean-No database type set, using meta data indicating: MYSQL
09:35 o.s.b.c.l.support.SimpleJobLauncher-No TaskExecutor has been set, defaulting to synchronous executor.
09:35 o.a.coyote.http11.Http11NioProtocol-Starting ProtocolHandler ["http-nio-8080"]
09:35 o.s.b.w.e.tomcat.TomcatWebServer-Tomcat started on port(s): 8080 (http) with context path ''
09:35 com.beyond.board.BoardApplication-Started BoardApplication in 1.937 seconds (JVM running for 2.256)
09:35 o.s.b.a.b.JobLauncherApplicationRunner-Running default command line with: []
09:35 o.a.c.c.C.[Tomcat].[localhost].[/]-Initializing Spring DispatcherServlet 'dispatcherServlet'
09:35 o.s.web.servlet.DispatcherServlet-Initializing Servlet 'dispatcherServlet'
09:35 o.s.web.servlet.DispatcherServlet-Completed initialization in 1 ms
09:35 c.beyond.board.common.AopLogService-aop start
09:35 c.beyond.board.common.AopLogService-Method명 :home
09:35 c.beyond.board.common.AopLogService-HTTP 메서드GET
09:35 c.beyond.board.common.AopLogService-aop end
09:36 c.beyond.board.common.AopLogService-aop start
09:36 c.beyond.board.common.AopLogService-Method명 :errorHtml
09:36 c.beyond.board.common.AopLogService-HTTP 메서드GET
09:36 c.beyond.board.common.AopLogService-aop end
09:37 o.s.o.j.LocalContainerEntityManagerFactoryBean-Closing JPA EntityManagerFactory for persistence unit 'default'
09:37 com.zaxxer.hikari.HikariDataSource-HikariPool-1 - Shutdown initiated...
09:37 com.zaxxer.hikari.HikariDataSource-HikariPool-1 - Shutdown completed.
09:37 com.beyond.board.BoardApplication-Starting BoardApplication using Java 11.0.23 on keemzleunui-MacBookPro.local with PID 53301 (/Users/keemzleun/study/board/build/classes/java/main started by keemzleun in /Users/keemzleun/study/board)
09:37 com.beyond.board.BoardApplication-The following 1 profile is active: "dev"
09:37 o.s.d.r.c.RepositoryConfigurationDelegate-Bootstrapping Spring Data JPA repositories in DEFAULT mode.
09:37 o.s.d.r.c.RepositoryConfigurationDelegate-Finished Spring Data repository scanning in 18 ms. Found 2 JPA repository interfaces.
09:38 o.s.b.w.e.tomcat.TomcatWebServer-Tomcat initialized with port(s): 8080 (http)
09:38 o.a.coyote.http11.Http11NioProtocol-Initializing ProtocolHandler ["http-nio-8080"]
09:38 o.a.catalina.core.StandardService-Starting service [Tomcat]
09:38 o.a.catalina.core.StandardEngine-Starting Servlet engine: [Apache Tomcat/9.0.74]
09:38 o.a.c.c.C.[Tomcat].[localhost].[/]-Initializing Spring embedded WebApplicationContext
09:38 o.s.b.w.s.c.ServletWebServerApplicationContext-Root WebApplicationContext: initialization completed in 635 ms
09:38 com.zaxxer.hikari.HikariDataSource-HikariPool-1 - Starting...
09:38 com.zaxxer.hikari.HikariDataSource-HikariPool-1 - Start completed.
09:38 o.h.jpa.internal.util.LogHelper-HHH000204: Processing PersistenceUnitInfo [name: default]
09:38 org.hibernate.Version-HHH000412: Hibernate ORM core version 5.6.15.Final
09:38 o.h.annotations.common.Version-HCANN000001: Hibernate Commons Annotations {5.1.2.Final}
09:38 org.hibernate.dialect.Dialect-HHH000400: Using dialect: org.hibernate.dialect.MariaDBDialect
09:38 o.h.e.t.j.p.i.JtaPlatformInitiator-HHH000490: Using JtaPlatform implementation: [org.hibernate.engine.transaction.jta.platform.internal.NoJtaPlatform]
09:38 o.s.o.j.LocalContainerEntityManagerFactoryBean-Initialized JPA EntityManagerFactory for persistence unit 'default'
09:38 o.s.b.a.s.s.UserDetailsServiceAutoConfiguration-

Using generated security password: 38633796-90c2-4f36-ab79-48907710f476

This generated password is for development use only. Your security configuration must be updated before running your application in production.

09:38 o.s.s.web.DefaultSecurityFilterChain-Will secure any request with [org.springframework.security.web.session.DisableEncodeUrlFilter@3f2a7ca0, org.springframework.security.web.context.request.async.WebAsyncManagerIntegrationFilter@23e297d9, org.springframework.security.web.context.SecurityContextPersistenceFilter@3dc14f80, org.springframework.security.web.header.HeaderWriterFilter@8d52313, org.springframework.security.web.authentication.logout.LogoutFilter@1e4b70c6, org.springframework.security.web.authentication.UsernamePasswordAuthenticationFilter@106f2425, org.springframework.security.web.savedrequest.RequestCacheAwareFilter@5bfdabf3, org.springframework.security.web.servletapi.SecurityContextHolderAwareRequestFilter@4efa7d2f, org.springframework.security.web.authentication.AnonymousAuthenticationFilter@5e8e02a3, org.springframework.security.web.session.SessionManagementFilter@135a8808, org.springframework.security.web.access.ExceptionTranslationFilter@63053b71, org.springframework.security.web.access.intercept.FilterSecurityInterceptor@4172c967]
09:38 o.s.b.a.o.j.JpaBaseConfiguration$JpaWebConfiguration-spring.jpa.open-in-view is enabled by default. Therefore, database queries may be performed during view rendering. Explicitly configure spring.jpa.open-in-view to disable this warning
09:38 o.s.b.a.batch.JpaBatchConfigurer-JPA does not support custom isolation levels, so locks may not be taken when launching Jobs. To silence this warning, set 'spring.batch.jdbc.isolation-level-for-create' to 'default'.
09:38 o.s.b.c.r.s.JobRepositoryFactoryBean-No database type set, using meta data indicating: MYSQL
09:38 o.s.b.c.l.support.SimpleJobLauncher-No TaskExecutor has been set, defaulting to synchronous executor.
09:38 o.a.coyote.http11.Http11NioProtocol-Starting ProtocolHandler ["http-nio-8080"]
09:38 o.s.b.w.e.tomcat.TomcatWebServer-Tomcat started on port(s): 8080 (http) with context path ''
09:38 com.beyond.board.BoardApplication-Started BoardApplication in 1.935 seconds (JVM running for 2.17)
09:38 o.s.b.a.b.JobLauncherApplicationRunner-Running default command line with: []
09:38 o.a.c.c.C.[Tomcat].[localhost].[/]-Initializing Spring DispatcherServlet 'dispatcherServlet'
09:38 o.s.web.servlet.DispatcherServlet-Initializing Servlet 'dispatcherServlet'
09:38 o.s.web.servlet.DispatcherServlet-Completed initialization in 2 ms
09:38 c.beyond.board.common.AopLogService-aop start
09:38 c.beyond.board.common.AopLogService-Method명 :home
09:38 c.beyond.board.common.AopLogService-HTTP 메서드GET
09:38 c.beyond.board.common.AopLogService-aop end
09:38 c.beyond.board.common.AopLogService-aop start
09:38 c.beyond.board.common.AopLogService-Method명 :errorHtml
09:38 c.beyond.board.common.AopLogService-HTTP 메서드GET
09:38 c.beyond.board.common.AopLogService-aop end
09:38 o.s.o.j.LocalContainerEntityManagerFactoryBean-Closing JPA EntityManagerFactory for persistence unit 'default'
09:38 com.zaxxer.hikari.HikariDataSource-HikariPool-1 - Shutdown initiated...
09:38 com.zaxxer.hikari.HikariDataSource-HikariPool-1 - Shutdown completed.
09:38 com.beyond.board.BoardApplication-Starting BoardApplication using Java 11.0.23 on keemzleunui-MacBookPro.local with PID 53476 (/Users/keemzleun/study/board/build/classes/java/main started by keemzleun in /Users/keemzleun/study/board)
09:38 com.beyond.board.BoardApplication-The following 1 profile is active: "dev"
09:38 o.s.d.r.c.RepositoryConfigurationDelegate-Bootstrapping Spring Data JPA repositories in DEFAULT mode.
09:38 o.s.d.r.c.RepositoryConfigurationDelegate-Finished Spring Data repository scanning in 15 ms. Found 2 JPA repository interfaces.
09:38 o.s.b.w.e.tomcat.TomcatWebServer-Tomcat initialized with port(s): 8080 (http)
09:38 o.a.coyote.http11.Http11NioProtocol-Initializing ProtocolHandler ["http-nio-8080"]
09:38 o.a.catalina.core.StandardService-Starting service [Tomcat]
09:38 o.a.catalina.core.StandardEngine-Starting Servlet engine: [Apache Tomcat/9.0.74]
09:38 o.a.c.c.C.[Tomcat].[localhost].[/]-Initializing Spring embedded WebApplicationContext
09:38 o.s.b.w.s.c.ServletWebServerApplicationContext-Root WebApplicationContext: initialization completed in 531 ms
09:38 com.zaxxer.hikari.HikariDataSource-HikariPool-1 - Starting...
09:38 com.zaxxer.hikari.HikariDataSource-HikariPool-1 - Start completed.
09:38 o.h.jpa.internal.util.LogHelper-HHH000204: Processing PersistenceUnitInfo [name: default]
09:38 org.hibernate.Version-HHH000412: Hibernate ORM core version 5.6.15.Final
09:38 o.h.annotations.common.Version-HCANN000001: Hibernate Commons Annotations {5.1.2.Final}
09:38 org.hibernate.dialect.Dialect-HHH000400: Using dialect: org.hibernate.dialect.MariaDBDialect
09:38 o.h.e.t.j.p.i.JtaPlatformInitiator-HHH000490: Using JtaPlatform implementation: [org.hibernate.engine.transaction.jta.platform.internal.NoJtaPlatform]
09:38 o.s.o.j.LocalContainerEntityManagerFactoryBean-Initialized JPA EntityManagerFactory for persistence unit 'default'
09:38 o.s.b.a.s.s.UserDetailsServiceAutoConfiguration-

Using generated security password: d8a2264b-13b4-41c0-81ad-1f1478bd1274

This generated password is for development use only. Your security configuration must be updated before running your application in production.

09:38 o.s.s.web.DefaultSecurityFilterChain-Will secure any request with [org.springframework.security.web.session.DisableEncodeUrlFilter@6cfac0bd, org.springframework.security.web.context.request.async.WebAsyncManagerIntegrationFilter@549debdb, org.springframework.security.web.context.SecurityContextPersistenceFilter@477e5b69, org.springframework.security.web.header.HeaderWriterFilter@6920fa35, org.springframework.security.web.authentication.logout.LogoutFilter@78805df3, org.springframework.security.web.authentication.UsernamePasswordAuthenticationFilter@7b38db21, org.springframework.security.web.savedrequest.RequestCacheAwareFilter@26c1f3eb, org.springframework.security.web.servletapi.SecurityContextHolderAwareRequestFilter@68fa8ea5, org.springframework.security.web.authentication.AnonymousAuthenticationFilter@1edf52e6, org.springframework.security.web.session.SessionManagementFilter@6dd1f239, org.springframework.security.web.access.ExceptionTranslationFilter@52a2e2fb, org.springframework.security.web.access.intercept.FilterSecurityInterceptor@469bd719]
09:38 o.s.b.a.o.j.JpaBaseConfiguration$JpaWebConfiguration-spring.jpa.open-in-view is enabled by default. Therefore, database queries may be performed during view rendering. Explicitly configure spring.jpa.open-in-view to disable this warning
09:38 o.s.b.a.batch.JpaBatchConfigurer-JPA does not support custom isolation levels, so locks may not be taken when launching Jobs. To silence this warning, set 'spring.batch.jdbc.isolation-level-for-create' to 'default'.
09:38 o.s.b.c.r.s.JobRepositoryFactoryBean-No database type set, using meta data indicating: MYSQL
09:38 o.s.b.c.l.support.SimpleJobLauncher-No TaskExecutor has been set, defaulting to synchronous executor.
09:38 o.a.coyote.http11.Http11NioProtocol-Starting ProtocolHandler ["http-nio-8080"]
09:38 o.s.b.w.e.tomcat.TomcatWebServer-Tomcat started on port(s): 8080 (http) with context path ''
09:38 com.beyond.board.BoardApplication-Started BoardApplication in 1.761 seconds (JVM running for 1.985)
09:38 o.s.b.a.b.JobLauncherApplicationRunner-Running default command line with: []
09:38 o.a.c.c.C.[Tomcat].[localhost].[/]-Initializing Spring DispatcherServlet 'dispatcherServlet'
09:38 o.s.web.servlet.DispatcherServlet-Initializing Servlet 'dispatcherServlet'
09:38 o.s.web.servlet.DispatcherServlet-Completed initialization in 2 ms
09:38 c.beyond.board.common.AopLogService-aop start
09:38 c.beyond.board.common.AopLogService-Method명 :loginAuthorScreen
09:38 c.beyond.board.common.AopLogService-HTTP 메서드GET
09:38 c.beyond.board.common.AopLogService-aop end
09:40 o.s.o.j.LocalContainerEntityManagerFactoryBean-Closing JPA EntityManagerFactory for persistence unit 'default'
09:40 com.zaxxer.hikari.HikariDataSource-HikariPool-1 - Shutdown initiated...
09:40 com.zaxxer.hikari.HikariDataSource-HikariPool-1 - Shutdown completed.
09:40 com.beyond.board.BoardApplication-Starting BoardApplication using Java 11.0.23 on keemzleunui-MacBookPro.local with PID 54491 (/Users/keemzleun/study/board/build/classes/java/main started by keemzleun in /Users/keemzleun/study/board)
09:40 com.beyond.board.BoardApplication-The following 1 profile is active: "dev"
09:40 o.s.d.r.c.RepositoryConfigurationDelegate-Bootstrapping Spring Data JPA repositories in DEFAULT mode.
09:40 o.s.d.r.c.RepositoryConfigurationDelegate-Finished Spring Data repository scanning in 15 ms. Found 2 JPA repository interfaces.
09:40 o.s.b.w.e.tomcat.TomcatWebServer-Tomcat initialized with port(s): 8080 (http)
09:40 o.a.coyote.http11.Http11NioProtocol-Initializing ProtocolHandler ["http-nio-8080"]
09:40 o.a.catalina.core.StandardService-Starting service [Tomcat]
09:40 o.a.catalina.core.StandardEngine-Starting Servlet engine: [Apache Tomcat/9.0.74]
09:40 o.a.c.c.C.[Tomcat].[localhost].[/]-Initializing Spring embedded WebApplicationContext
09:40 o.s.b.w.s.c.ServletWebServerApplicationContext-Root WebApplicationContext: initialization completed in 572 ms
09:40 com.zaxxer.hikari.HikariDataSource-HikariPool-1 - Starting...
09:40 com.zaxxer.hikari.HikariDataSource-HikariPool-1 - Start completed.
09:40 o.h.jpa.internal.util.LogHelper-HHH000204: Processing PersistenceUnitInfo [name: default]
09:40 org.hibernate.Version-HHH000412: Hibernate ORM core version 5.6.15.Final
09:40 o.h.annotations.common.Version-HCANN000001: Hibernate Commons Annotations {5.1.2.Final}
09:40 org.hibernate.dialect.Dialect-HHH000400: Using dialect: org.hibernate.dialect.MariaDBDialect
09:40 o.h.e.t.j.p.i.JtaPlatformInitiator-HHH000490: Using JtaPlatform implementation: [org.hibernate.engine.transaction.jta.platform.internal.NoJtaPlatform]
09:40 o.s.o.j.LocalContainerEntityManagerFactoryBean-Initialized JPA EntityManagerFactory for persistence unit 'default'
09:40 o.s.b.a.s.s.UserDetailsServiceAutoConfiguration-

Using generated security password: 6b090b17-703b-427d-9cfe-3e2edcc4d08f

This generated password is for development use only. Your security configuration must be updated before running your application in production.

09:40 o.s.s.web.DefaultSecurityFilterChain-Will secure any request with [org.springframework.security.web.session.DisableEncodeUrlFilter@39b9dc35, org.springframework.security.web.context.request.async.WebAsyncManagerIntegrationFilter@25da1dc9, org.springframework.security.web.context.SecurityContextPersistenceFilter@7e58b0f6, org.springframework.security.web.header.HeaderWriterFilter@3606eee9, org.springframework.security.web.authentication.logout.LogoutFilter@7e0941cc, org.springframework.security.web.authentication.UsernamePasswordAuthenticationFilter@6778636f, org.springframework.security.web.savedrequest.RequestCacheAwareFilter@7da6d695, org.springframework.security.web.servletapi.SecurityContextHolderAwareRequestFilter@26c1f3eb, org.springframework.security.web.authentication.AnonymousAuthenticationFilter@3976910, org.springframework.security.web.session.SessionManagementFilter@19542115, org.springframework.security.web.access.ExceptionTranslationFilter@4efa7d2f, org.springframework.security.web.access.intercept.FilterSecurityInterceptor@35e3f3b8]
09:40 o.s.b.a.o.j.JpaBaseConfiguration$JpaWebConfiguration-spring.jpa.open-in-view is enabled by default. Therefore, database queries may be performed during view rendering. Explicitly configure spring.jpa.open-in-view to disable this warning
09:40 o.s.b.a.batch.JpaBatchConfigurer-JPA does not support custom isolation levels, so locks may not be taken when launching Jobs. To silence this warning, set 'spring.batch.jdbc.isolation-level-for-create' to 'default'.
09:40 o.s.b.c.r.s.JobRepositoryFactoryBean-No database type set, using meta data indicating: MYSQL
09:40 o.s.b.c.l.support.SimpleJobLauncher-No TaskExecutor has been set, defaulting to synchronous executor.
09:40 o.a.coyote.http11.Http11NioProtocol-Starting ProtocolHandler ["http-nio-8080"]
09:40 o.s.b.w.e.tomcat.TomcatWebServer-Tomcat started on port(s): 8080 (http) with context path ''
09:40 com.beyond.board.BoardApplication-Started BoardApplication in 1.839 seconds (JVM running for 2.073)
09:40 o.s.b.a.b.JobLauncherApplicationRunner-Running default command line with: []
09:40 o.a.c.c.C.[Tomcat].[localhost].[/]-Initializing Spring DispatcherServlet 'dispatcherServlet'
09:40 o.s.web.servlet.DispatcherServlet-Initializing Servlet 'dispatcherServlet'
09:40 o.s.web.servlet.DispatcherServlet-Completed initialization in 1 ms
09:40 c.beyond.board.common.AopLogService-aop start
09:40 c.beyond.board.common.AopLogService-Method명 :authorLoginScreen
09:40 c.beyond.board.common.AopLogService-HTTP 메서드GET
09:40 c.beyond.board.common.AopLogService-aop end
09:42 c.beyond.board.common.AopLogService-aop start
09:42 c.beyond.board.common.AopLogService-Method명 :authorLoginScreen
09:42 c.beyond.board.common.AopLogService-HTTP 메서드GET
09:42 c.beyond.board.common.AopLogService-aop end
09:42 c.beyond.board.common.AopLogService-aop start
09:42 c.beyond.board.common.AopLogService-Method명 :createAuthor
09:42 c.beyond.board.common.AopLogService-HTTP 메서드GET
09:42 c.beyond.board.common.AopLogService-aop end
09:42 c.beyond.board.common.AopLogService-aop start
09:42 c.beyond.board.common.AopLogService-Method명 :authorLoginScreen
09:42 c.beyond.board.common.AopLogService-HTTP 메서드GET
09:42 c.beyond.board.common.AopLogService-aop end
09:42 c.beyond.board.common.AopLogService-aop start
09:42 c.beyond.board.common.AopLogService-Method명 :createAuthor
09:42 c.beyond.board.common.AopLogService-HTTP 메서드GET
09:42 c.beyond.board.common.AopLogService-aop end
09:42 c.beyond.board.common.AopLogService-aop start
09:42 c.beyond.board.common.AopLogService-Method명 :authorLoginScreen
09:42 c.beyond.board.common.AopLogService-HTTP 메서드GET
09:42 c.beyond.board.common.AopLogService-aop end
09:42 c.beyond.board.common.AopLogService-aop start
09:42 c.beyond.board.common.AopLogService-Method명 :authorLoginScreen
09:42 c.beyond.board.common.AopLogService-HTTP 메서드GET
09:42 c.beyond.board.common.AopLogService-aop end
09:42 c.beyond.board.common.AopLogService-aop start
09:42 c.beyond.board.common.AopLogService-Method명 :authorLoginScreen
09:42 c.beyond.board.common.AopLogService-HTTP 메서드GET
09:42 c.beyond.board.common.AopLogService-aop end
09:42 c.beyond.board.common.AopLogService-aop start
09:42 c.beyond.board.common.AopLogService-Method명 :authorLoginScreen
09:42 c.beyond.board.common.AopLogService-HTTP 메서드GET
09:42 c.beyond.board.common.AopLogService-aop end
09:42 c.beyond.board.common.AopLogService-aop start
09:42 c.beyond.board.common.AopLogService-Method명 :authorLoginScreen
09:42 c.beyond.board.common.AopLogService-HTTP 메서드GET
09:42 c.beyond.board.common.AopLogService-aop end
09:42 c.beyond.board.common.AopLogService-aop start
09:42 c.beyond.board.common.AopLogService-Method명 :authorLoginScreen
09:42 c.beyond.board.common.AopLogService-HTTP 메서드GET
09:42 c.beyond.board.common.AopLogService-aop end
09:42 c.beyond.board.common.AopLogService-aop start
09:42 c.beyond.board.common.AopLogService-Method명 :authorLoginScreen
09:42 c.beyond.board.common.AopLogService-HTTP 메서드GET
09:42 c.beyond.board.common.AopLogService-aop end
09:42 c.beyond.board.common.AopLogService-aop start
09:42 c.beyond.board.common.AopLogService-Method명 :createAuthor
09:42 c.beyond.board.common.AopLogService-HTTP 메서드GET
09:42 c.beyond.board.common.AopLogService-aop end
09:42 c.beyond.board.common.AopLogService-aop start
09:42 c.beyond.board.common.AopLogService-Method명 :home
09:42 c.beyond.board.common.AopLogService-HTTP 메서드GET
09:42 c.beyond.board.common.AopLogService-aop end
10:13 o.s.o.j.LocalContainerEntityManagerFactoryBean-Closing JPA EntityManagerFactory for persistence unit 'default'
10:13 com.zaxxer.hikari.HikariDataSource-HikariPool-1 - Shutdown initiated...
10:13 com.zaxxer.hikari.HikariDataSource-HikariPool-1 - Shutdown completed.
10:13 com.beyond.board.BoardApplication-Starting BoardApplication using Java 11.0.23 on keemzleunui-MacBookPro.local with PID 72419 (/Users/keemzleun/study/board/build/classes/java/main started by keemzleun in /Users/keemzleun/study/board)
10:13 com.beyond.board.BoardApplication-The following 1 profile is active: "dev"
10:13 o.s.d.r.c.RepositoryConfigurationDelegate-Bootstrapping Spring Data JPA repositories in DEFAULT mode.
10:13 o.s.d.r.c.RepositoryConfigurationDelegate-Finished Spring Data repository scanning in 18 ms. Found 2 JPA repository interfaces.
10:13 o.s.b.w.e.tomcat.TomcatWebServer-Tomcat initialized with port(s): 8080 (http)
10:13 o.a.coyote.http11.Http11NioProtocol-Initializing ProtocolHandler ["http-nio-8080"]
10:13 o.a.catalina.core.StandardService-Starting service [Tomcat]
10:13 o.a.catalina.core.StandardEngine-Starting Servlet engine: [Apache Tomcat/9.0.74]
10:13 o.a.c.c.C.[Tomcat].[localhost].[/]-Initializing Spring embedded WebApplicationContext
10:13 o.s.b.w.s.c.ServletWebServerApplicationContext-Root WebApplicationContext: initialization completed in 632 ms
10:13 com.zaxxer.hikari.HikariDataSource-HikariPool-1 - Starting...
10:13 com.zaxxer.hikari.HikariDataSource-HikariPool-1 - Start completed.
10:13 o.h.jpa.internal.util.LogHelper-HHH000204: Processing PersistenceUnitInfo [name: default]
10:13 org.hibernate.Version-HHH000412: Hibernate ORM core version 5.6.15.Final
10:13 o.h.annotations.common.Version-HCANN000001: Hibernate Commons Annotations {5.1.2.Final}
10:13 org.hibernate.dialect.Dialect-HHH000400: Using dialect: org.hibernate.dialect.MariaDBDialect
10:13 o.h.e.t.j.p.i.JtaPlatformInitiator-HHH000490: Using JtaPlatform implementation: [org.hibernate.engine.transaction.jta.platform.internal.NoJtaPlatform]
10:13 o.s.o.j.LocalContainerEntityManagerFactoryBean-Initialized JPA EntityManagerFactory for persistence unit 'default'
10:13 o.s.b.a.s.s.UserDetailsServiceAutoConfiguration-

Using generated security password: 7782c726-7d74-4a91-bb75-e7ecc8c8e9a5

This generated password is for development use only. Your security configuration must be updated before running your application in production.

10:13 o.s.s.web.DefaultSecurityFilterChain-Will secure any request with [org.springframework.security.web.session.DisableEncodeUrlFilter@5ab06829, org.springframework.security.web.context.request.async.WebAsyncManagerIntegrationFilter@6075a4ea, org.springframework.security.web.context.SecurityContextPersistenceFilter@19542115, org.springframework.security.web.header.HeaderWriterFilter@7890fbf9, org.springframework.security.web.authentication.logout.LogoutFilter@5114c8a1, org.springframework.security.web.authentication.UsernamePasswordAuthenticationFilter@4be1c797, org.springframework.security.web.savedrequest.RequestCacheAwareFilter@28d97205, org.springframework.security.web.servletapi.SecurityContextHolderAwareRequestFilter@79982bcc, org.springframework.security.web.authentication.AnonymousAuthenticationFilter@5b0d480c, org.springframework.security.web.session.SessionManagementFilter@628aea61, org.springframework.security.web.access.ExceptionTranslationFilter@2c9aeec6, org.springframework.security.web.access.intercept.FilterSecurityInterceptor@1dc2c13c]
10:13 o.s.b.a.o.j.JpaBaseConfiguration$JpaWebConfiguration-spring.jpa.open-in-view is enabled by default. Therefore, database queries may be performed during view rendering. Explicitly configure spring.jpa.open-in-view to disable this warning
10:13 o.s.b.a.batch.JpaBatchConfigurer-JPA does not support custom isolation levels, so locks may not be taken when launching Jobs. To silence this warning, set 'spring.batch.jdbc.isolation-level-for-create' to 'default'.
10:13 o.s.b.c.r.s.JobRepositoryFactoryBean-No database type set, using meta data indicating: MYSQL
10:13 o.s.b.c.l.support.SimpleJobLauncher-No TaskExecutor has been set, defaulting to synchronous executor.
10:13 o.a.coyote.http11.Http11NioProtocol-Starting ProtocolHandler ["http-nio-8080"]
10:13 o.s.b.w.e.tomcat.TomcatWebServer-Tomcat started on port(s): 8080 (http) with context path ''
10:13 com.beyond.board.BoardApplication-Started BoardApplication in 1.912 seconds (JVM running for 2.147)
10:13 o.s.b.a.b.JobLauncherApplicationRunner-Running default command line with: []
10:13 o.a.c.c.C.[Tomcat].[localhost].[/]-Initializing Spring DispatcherServlet 'dispatcherServlet'
10:13 o.s.web.servlet.DispatcherServlet-Initializing Servlet 'dispatcherServlet'
10:13 o.s.web.servlet.DispatcherServlet-Completed initialization in 0 ms
10:13 c.beyond.board.common.AopLogService-aop start
10:13 c.beyond.board.common.AopLogService-Method명 :home
10:13 c.beyond.board.common.AopLogService-HTTP 메서드GET
10:13 c.beyond.board.common.AopLogService-aop end
10:23 o.s.o.j.LocalContainerEntityManagerFactoryBean-Closing JPA EntityManagerFactory for persistence unit 'default'
10:23 com.zaxxer.hikari.HikariDataSource-HikariPool-1 - Shutdown initiated...
10:23 com.zaxxer.hikari.HikariDataSource-HikariPool-1 - Shutdown completed.
10:23 com.beyond.board.BoardApplication-Starting BoardApplication using Java 11.0.23 on keemzleunui-MacBookPro.local with PID 77448 (/Users/keemzleun/study/board/build/classes/java/main started by keemzleun in /Users/keemzleun/study/board)
10:23 com.beyond.board.BoardApplication-The following 1 profile is active: "dev"
10:23 o.s.d.r.c.RepositoryConfigurationDelegate-Bootstrapping Spring Data JPA repositories in DEFAULT mode.
10:23 o.s.d.r.c.RepositoryConfigurationDelegate-Finished Spring Data repository scanning in 16 ms. Found 2 JPA repository interfaces.
10:23 o.s.b.w.e.tomcat.TomcatWebServer-Tomcat initialized with port(s): 8080 (http)
10:23 o.a.coyote.http11.Http11NioProtocol-Initializing ProtocolHandler ["http-nio-8080"]
10:23 o.a.catalina.core.StandardService-Starting service [Tomcat]
10:23 o.a.catalina.core.StandardEngine-Starting Servlet engine: [Apache Tomcat/9.0.74]
10:23 o.a.c.c.C.[Tomcat].[localhost].[/]-Initializing Spring embedded WebApplicationContext
10:23 o.s.b.w.s.c.ServletWebServerApplicationContext-Root WebApplicationContext: initialization completed in 558 ms
10:23 com.zaxxer.hikari.HikariDataSource-HikariPool-1 - Starting...
10:23 com.zaxxer.hikari.HikariDataSource-HikariPool-1 - Start completed.
10:23 o.h.jpa.internal.util.LogHelper-HHH000204: Processing PersistenceUnitInfo [name: default]
10:23 org.hibernate.Version-HHH000412: Hibernate ORM core version 5.6.15.Final
10:23 o.h.annotations.common.Version-HCANN000001: Hibernate Commons Annotations {5.1.2.Final}
10:23 org.hibernate.dialect.Dialect-HHH000400: Using dialect: org.hibernate.dialect.MariaDBDialect
10:23 o.h.e.t.j.p.i.JtaPlatformInitiator-HHH000490: Using JtaPlatform implementation: [org.hibernate.engine.transaction.jta.platform.internal.NoJtaPlatform]
10:23 o.s.o.j.LocalContainerEntityManagerFactoryBean-Initialized JPA EntityManagerFactory for persistence unit 'default'
10:23 o.s.b.a.s.s.UserDetailsServiceAutoConfiguration-

Using generated security password: 5a752b84-28e4-43dc-a63a-67f21c195bc9

This generated password is for development use only. Your security configuration must be updated before running your application in production.

10:23 o.s.s.web.DefaultSecurityFilterChain-Will secure any request with [org.springframework.security.web.session.DisableEncodeUrlFilter@16f15a4, org.springframework.security.web.context.request.async.WebAsyncManagerIntegrationFilter@548c5127, org.springframework.security.web.context.SecurityContextPersistenceFilter@811d8d6, org.springframework.security.web.header.HeaderWriterFilter@92de794, org.springframework.security.web.authentication.logout.LogoutFilter@e5f05f8, org.springframework.security.web.authentication.UsernamePasswordAuthenticationFilter@7891742e, org.springframework.security.web.savedrequest.RequestCacheAwareFilter@4e553d60, org.springframework.security.web.servletapi.SecurityContextHolderAwareRequestFilter@5114c8a1, org.springframework.security.web.authentication.AnonymousAuthenticationFilter@35630ee8, org.springframework.security.web.session.SessionManagementFilter@11771fd6, org.springframework.security.web.access.ExceptionTranslationFilter@7054c068, org.springframework.security.web.access.intercept.FilterSecurityInterceptor@1edf52e6]
10:23 o.s.b.a.o.j.JpaBaseConfiguration$JpaWebConfiguration-spring.jpa.open-in-view is enabled by default. Therefore, database queries may be performed during view rendering. Explicitly configure spring.jpa.open-in-view to disable this warning
10:23 o.s.b.a.batch.JpaBatchConfigurer-JPA does not support custom isolation levels, so locks may not be taken when launching Jobs. To silence this warning, set 'spring.batch.jdbc.isolation-level-for-create' to 'default'.
10:23 o.s.b.c.r.s.JobRepositoryFactoryBean-No database type set, using meta data indicating: MYSQL
10:23 o.s.b.c.l.support.SimpleJobLauncher-No TaskExecutor has been set, defaulting to synchronous executor.
10:23 o.a.coyote.http11.Http11NioProtocol-Starting ProtocolHandler ["http-nio-8080"]
10:23 o.s.b.w.e.tomcat.TomcatWebServer-Tomcat started on port(s): 8080 (http) with context path ''
10:23 com.beyond.board.BoardApplication-Started BoardApplication in 1.776 seconds (JVM running for 2.0)
10:23 o.s.b.a.b.JobLauncherApplicationRunner-Running default command line with: []
10:24 o.a.c.c.C.[Tomcat].[localhost].[/]-Initializing Spring DispatcherServlet 'dispatcherServlet'
10:24 o.s.web.servlet.DispatcherServlet-Initializing Servlet 'dispatcherServlet'
10:24 o.s.web.servlet.DispatcherServlet-Completed initialization in 3 ms
10:24 c.beyond.board.common.AopLogService-aop start
10:24 c.beyond.board.common.AopLogService-Method명 :home
10:24 c.beyond.board.common.AopLogService-HTTP 메서드GET
10:24 c.beyond.board.common.AopLogService-aop end
10:24 c.beyond.board.common.AopLogService-aop start
10:24 c.beyond.board.common.AopLogService-Method명 :createAuthor
10:24 c.beyond.board.common.AopLogService-HTTP 메서드GET
10:24 c.beyond.board.common.AopLogService-aop end
10:24 c.beyond.board.common.AopLogService-aop start
10:24 c.beyond.board.common.AopLogService-Method명 :createAuthor
10:24 c.beyond.board.common.AopLogService-HTTP 메서드POST
10:24 c.beyond.board.common.AopLogService-aop end
10:24 c.beyond.board.common.AopLogService-aop start
10:24 c.beyond.board.common.AopLogService-Method명 :home
10:24 c.beyond.board.common.AopLogService-HTTP 메서드GET
10:24 c.beyond.board.common.AopLogService-aop end
10:24 c.beyond.board.common.AopLogService-aop start
10:24 c.beyond.board.common.AopLogService-Method명 :authorLoginScreen
10:24 c.beyond.board.common.AopLogService-HTTP 메서드GET
10:24 c.beyond.board.common.AopLogService-aop end
